###############################################################
#  Generated by:      Cadence Innovus 21.17-s075_1
#  OS:                Linux x86_64(Host ID vcl-vm0-175)
#  Generated on:      Tue Mar 24 14:27:33 2026
#  Design:            sha256
#  Command:           colorizePowerMesh
###############################################################
#set_verify_drc_mode -check_only special -disable_rules {cut_spacing min_area min_cut min_step protrusion} -exclude_pg_net false

SHORT: ( Metal Color Change ) Special Wire of Net VDD  ( M7 )
Bounds : ( 123.404, 184.904 ) ( 124.044, 186.880 )


SHORT: ( Metal Color Change ) Special Wire of Net VDD  ( M7 )
Bounds : ( 110.444, 184.904 ) ( 111.084, 186.880 )


SHORT: ( Metal Color Change ) Special Wire of Net VSS  ( M7 )
Bounds : ( 98.780, 187.464 ) ( 99.420, 189.440 )


SHORT: ( Metal Color Change ) Special Wire of Net VSS  ( M7 )
Bounds : ( 187.464, 187.364 ) ( 189.440, 189.540 )


SHORT: ( Metal Color Change ) Special Wire of Net VDD  ( M7 )
Bounds : ( 184.904, 184.804 ) ( 186.880, 186.980 )


SHORT: ( Metal Color Change ) Special Wire of Net VSS  ( M7 )
Bounds : ( 176.540, 187.464 ) ( 177.180, 189.440 )


SHORT: ( Metal Color Change ) Special Wire of Net VDD  ( M7 )
Bounds : ( 162.284, 184.904 ) ( 162.924, 186.880 )


SHORT: ( Metal Color Change ) Special Wire of Net VDD  ( M7 )
Bounds : ( 149.324, 184.904 ) ( 149.964, 186.880 )


SHORT: ( Metal Color Change ) Special Wire of Net VSS  ( M6 )
Bounds : ( 187.464, 187.364 ) ( 189.440, 189.540 )


SHORT: ( Metal Color Change ) Special Wire of Net VDD  ( M6 )
Bounds : ( 184.904, 184.804 ) ( 186.880, 186.980 )


SHORT: ( Metal Color Change ) Special Wire of Net VDD  ( M6 )
Bounds : ( 184.804, 179.020 ) ( 186.980, 179.812 )


SHORT: ( Metal Color Change ) Special Wire of Net VDD  ( M6 )
Bounds : ( 184.804, 157.516 ) ( 186.980, 158.308 )


SHORT: ( Metal Color Change ) Special Wire of Net VDD  ( M6 )
Bounds : ( 184.804, 114.316 ) ( 186.980, 115.108 )


SHORT: ( Metal Color Change ) Special Wire of Net VDD  ( M6 )
Bounds : ( 184.804, 135.820 ) ( 186.980, 136.612 )


SHORT: ( Metal Color Change ) Special Wire of Net VSS  ( M6 )
Bounds : ( 187.364, 116.044 ) ( 189.540, 116.836 )


SHORT: ( Metal Color Change ) Special Wire of Net VSS  ( M6 )
Bounds : ( 187.364, 137.548 ) ( 189.540, 138.340 )


SHORT: ( Metal Color Change ) Special Wire of Net VSS  ( M7 )
Bounds : ( 137.660, 187.464 ) ( 138.300, 189.440 )


SHORT: ( Metal Color Change ) Special Wire of Net VSS  ( M7 )
Bounds : ( 46.940, 187.464 ) ( 47.580, 189.440 )


SHORT: ( Metal Color Change ) Special Wire of Net VDD  ( M7 )
Bounds : ( 32.684, 184.904 ) ( 33.324, 186.880 )


SHORT: ( Metal Color Change ) Special Wire of Net VSS  ( M7 )
Bounds : ( 21.020, 187.464 ) ( 21.660, 189.440 )


SHORT: ( Metal Color Change ) Special Wire of Net VSS  ( M7 )
Bounds : ( 8.060, 187.464 ) ( 8.700, 189.440 )


SHORT: ( Metal Color Change ) Special Wire of Net VDD  ( M7 )
Bounds : ( 3.760, 184.804 ) ( 5.736, 186.980 )


SHORT: ( Metal Color Change ) Special Wire of Net VSS  ( M7 )
Bounds : ( 1.200, 187.364 ) ( 3.176, 189.540 )


SHORT: ( Metal Color Change ) Special Wire of Net VDD  ( M6 )
Bounds : ( 3.760, 184.804 ) ( 5.736, 186.980 )


SHORT: ( Metal Color Change ) Special Wire of Net VDD  ( M6 )
Bounds : ( 3.660, 179.020 ) ( 5.836, 179.812 )


SHORT: ( Metal Color Change ) Special Wire of Net VDD  ( M6 )
Bounds : ( 3.660, 157.516 ) ( 5.836, 158.308 )


SHORT: ( Metal Color Change ) Special Wire of Net VSS  ( M6 )
Bounds : ( 1.200, 187.364 ) ( 3.176, 189.540 )


SHORT: ( Metal Color Change ) Special Wire of Net VSS  ( M6 )
Bounds : ( 1.100, 116.044 ) ( 3.276, 116.836 )


SHORT: ( Metal Color Change ) Special Wire of Net VSS  ( M6 )
Bounds : ( 1.100, 137.548 ) ( 3.276, 138.340 )


SHORT: ( Metal Color Change ) Special Wire of Net VDD  ( M6 )
Bounds : ( 3.660, 114.316 ) ( 5.836, 115.108 )


SHORT: ( Metal Color Change ) Special Wire of Net VDD  ( M6 )
Bounds : ( 3.660, 135.820 ) ( 5.836, 136.612 )


SHORT: ( Metal Color Change ) Special Wire of Net VSS  ( M7 )
Bounds : ( 59.900, 187.464 ) ( 60.540, 189.440 )


SHORT: ( Metal Color Change ) Special Wire of Net VDD  ( M7 )
Bounds : ( 71.564, 184.904 ) ( 72.204, 186.880 )


SHORT: ( Metal Color Change ) Special Wire of Net VSS  ( M7 )
Bounds : ( 85.820, 187.464 ) ( 86.460, 189.440 )


SHORT: ( Metal Color Change ) Special Wire of Net VSS  ( M6 )
Bounds : ( 187.364, 51.148 ) ( 189.540, 51.940 )


SHORT: ( Metal Color Change ) Special Wire of Net VDD  ( M6 )
Bounds : ( 184.804, 92.620 ) ( 186.980, 93.412 )


SHORT: ( Metal Color Change ) Special Wire of Net VDD  ( M6 )
Bounds : ( 184.804, 71.116 ) ( 186.980, 71.908 )


SHORT: ( Metal Color Change ) Special Wire of Net VDD  ( M6 )
Bounds : ( 184.804, 49.420 ) ( 186.980, 50.212 )


SHORT: ( Metal Color Change ) Special Wire of Net VDD  ( M7 )
Bounds : ( 175.244, 3.760 ) ( 175.884, 5.736 )


SHORT: ( Metal Color Change ) Special Wire of Net VSS  ( M7 )
Bounds : ( 98.780, 1.200 ) ( 99.420, 3.176 )


SHORT: ( Metal Color Change ) Special Wire of Net VSS  ( M7 )
Bounds : ( 111.740, 1.200 ) ( 112.380, 3.176 )


SHORT: ( Metal Color Change ) Special Wire of Net VDD  ( M7 )
Bounds : ( 123.404, 3.760 ) ( 124.044, 5.736 )


SHORT: ( Metal Color Change ) Special Wire of Net VDD  ( M7 )
Bounds : ( 136.364, 3.760 ) ( 137.004, 5.736 )


SHORT: ( Metal Color Change ) Special Wire of Net VSS  ( M7 )
Bounds : ( 137.660, 1.200 ) ( 138.300, 3.176 )


SHORT: ( Metal Color Change ) Special Wire of Net VDD  ( M6 )
Bounds : ( 184.804, 6.412 ) ( 186.980, 7.204 )


SHORT: ( Metal Color Change ) Special Wire of Net VDD  ( M6 )
Bounds : ( 184.804, 27.916 ) ( 186.980, 28.708 )


SHORT: ( Metal Color Change ) Special Wire of Net VDD  ( M6 )
Bounds : ( 184.904, 3.660 ) ( 186.880, 5.836 )


SHORT: ( Metal Color Change ) Special Wire of Net VSS  ( M6 )
Bounds : ( 187.364, 8.140 ) ( 189.540, 8.932 )


SHORT: ( Metal Color Change ) Special Wire of Net VSS  ( M6 )
Bounds : ( 187.364, 29.644 ) ( 189.540, 30.436 )


SHORT: ( Metal Color Change ) Special Wire of Net VSS  ( M6 )
Bounds : ( 187.464, 1.100 ) ( 189.440, 3.276 )


SHORT: ( Metal Color Change ) Special Wire of Net VSS  ( M7 )
Bounds : ( 150.620, 1.200 ) ( 151.260, 3.176 )


SHORT: ( Metal Color Change ) Special Wire of Net VDD  ( M7 )
Bounds : ( 162.284, 3.760 ) ( 162.924, 5.736 )


SHORT: ( Metal Color Change ) Special Wire of Net VSS  ( M6 )
Bounds : ( 187.364, 72.844 ) ( 189.540, 73.636 )


SHORT: ( Metal Color Change ) Special Wire of Net VSS  ( M6 )
Bounds : ( 187.364, 94.348 ) ( 189.540, 95.140 )


SHORT: ( Metal Color Change ) Special Wire of Net VDD  ( M7 )
Bounds : ( 84.524, 3.760 ) ( 85.164, 5.736 )


SHORT: ( Metal Color Change ) Special Wire of Net VSS  ( M7 )
Bounds : ( 72.860, 1.200 ) ( 73.500, 3.176 )


SHORT: ( Metal Color Change ) Special Wire of Net VSS  ( M7 )
Bounds : ( 59.900, 1.200 ) ( 60.540, 3.176 )


SHORT: ( Metal Color Change ) Special Wire of Net VSS  ( M6 )
Bounds : ( 1.100, 8.140 ) ( 3.276, 8.932 )


SHORT: ( Metal Color Change ) Special Wire of Net VSS  ( M6 )
Bounds : ( 1.100, 29.644 ) ( 3.276, 30.436 )


SHORT: ( Metal Color Change ) Special Wire of Net VSS  ( M6 )
Bounds : ( 1.200, 1.100 ) ( 3.176, 3.276 )


SHORT: ( Metal Color Change ) Special Wire of Net VDD  ( M6 )
Bounds : ( 3.660, 6.412 ) ( 5.836, 7.204 )


SHORT: ( Metal Color Change ) Special Wire of Net VDD  ( M6 )
Bounds : ( 3.660, 27.916 ) ( 5.836, 28.708 )


SHORT: ( Metal Color Change ) Special Wire of Net VDD  ( M6 )
Bounds : ( 3.760, 3.660 ) ( 5.736, 5.836 )


SHORT: ( Metal Color Change ) Special Wire of Net VDD  ( M7 )
Bounds : ( 6.764, 3.760 ) ( 7.404, 5.736 )


SHORT: ( Metal Color Change ) Special Wire of Net VSS  ( M7 )
Bounds : ( 21.020, 1.200 ) ( 21.660, 3.176 )


SHORT: ( Metal Color Change ) Special Wire of Net VDD  ( M7 )
Bounds : ( 45.644, 3.760 ) ( 46.284, 5.736 )


SHORT: ( Metal Color Change ) Special Wire of Net VSS  ( M6 )
Bounds : ( 1.100, 51.148 ) ( 3.276, 51.940 )


SHORT: ( Metal Color Change ) Special Wire of Net VSS  ( M6 )
Bounds : ( 1.100, 72.844 ) ( 3.276, 73.636 )


SHORT: ( Metal Color Change ) Special Wire of Net VSS  ( M6 )
Bounds : ( 1.100, 94.348 ) ( 3.276, 95.140 )


SHORT: ( Metal Color Change ) Special Wire of Net VDD  ( M6 )
Bounds : ( 3.660, 49.420 ) ( 5.836, 50.212 )


SHORT: ( Metal Color Change ) Special Wire of Net VDD  ( M6 )
Bounds : ( 3.660, 71.116 ) ( 5.836, 71.908 )


SHORT: ( Metal Color Change ) Special Wire of Net VDD  ( M6 )
Bounds : ( 3.660, 92.620 ) ( 5.836, 93.412 )


  Total Violations : 72 Viols.
